<?xml version="1.0" encoding="UTF-8"?>
<!-- Generated by org.testng.reporters.JUnitReportReporter -->
<testsuite skipped="0" hostname="Hsquare" name="AmazonMaven.SeleniumTest" tests="2" failures="0" timestamp="26 Sep 2019 11:31:36 GMT" time="0.022" errors="0">
  <testcase name="BrowserAutomation" time="0.017" classname="AmazonMaven.SeleniumTest"/>
  <testcase name="ElementUI" time="0.005" classname="AmazonMaven.SeleniumTest"/>
</testsuite> <!-- AmazonMaven.SeleniumTest -->
