<?xml version="1.0" encoding="UTF-8"?>
<!-- Generated by org.testng.reporters.JUnitReportReporter -->
<testsuite skipped="0" hostname="Hsquare" name="AmazonMaven.SeleniumTest" tests="2" failures="0" timestamp="26 Sep 2019 12:16:52 GMT" time="0.004" errors="0">
  <testcase name="ElementUI" time="0.000" classname="AmazonMaven.SeleniumTest"/>
  <testcase name="BrowserAutomation" time="0.004" classname="AmazonMaven.SeleniumTest"/>
</testsuite> <!-- AmazonMaven.SeleniumTest -->
