<?xml version="1.0" encoding="UTF-8"?>
<!-- Generated by org.testng.reporters.JUnitReportReporter -->
<testsuite skipped="0" hostname="Hsquare" name="AmazonMaven.RestApiTest" tests="2" failures="0" timestamp="26 Sep 2019 12:16:52 GMT" time="0.000" errors="0">
  <testcase name="RestJira" time="0.000" classname="AmazonMaven.RestApiTest"/>
  <testcase name="DeleteJira" time="0.000" classname="AmazonMaven.RestApiTest"/>
</testsuite> <!-- AmazonMaven.RestApiTest -->
