<?xml version="1.0" encoding="UTF-8"?>
<!-- Generated by org.testng.reporters.JUnitReportReporter -->
<testsuite skipped="0" hostname="Hsquare" name="AmazonMaven.AppiumTest" tests="2" failures="0" timestamp="26 Sep 2019 12:16:52 GMT" time="0.008" errors="0">
  <testcase name="IOSTest" time="0.000" classname="AmazonMaven.AppiumTest"/>
  <testcase name="AppTest" time="0.008" classname="AmazonMaven.AppiumTest"/>
</testsuite> <!-- AmazonMaven.AppiumTest -->
